<?xml version="1.0" encoding="UTF-8"?>
<testng-results ignored="0" total="1" passed="1" failed="0" skipped="0">
  <reporter-output>
  </reporter-output>
  <suite started-at="2020-10-06T02:21:14 EDT" name="Default suite" finished-at="2020-10-06T02:21:20 EDT" duration-ms="5921">
    <groups>
    </groups>
    <test started-at="2020-10-06T02:21:14 EDT" name="Default test" finished-at="2020-10-06T02:21:20 EDT" duration-ms="5921">
      <class name="factorialAssignment.testCase1">
        <test-method is-config="true" signature="beforeTest()[pri:0, instance:factorialAssignment.testCase1@4fe767f3]" started-at="2020-10-06T02:21:14 EDT" name="beforeTest" finished-at="2020-10-06T02:21:19 EDT" duration-ms="4870" status="PASS">
          <reporter-output>
          </reporter-output>
        </test-method> <!-- beforeTest -->
        <test-method signature="testZero()[pri:0, instance:factorialAssignment.testCase1@4fe767f3]" started-at="2020-10-06T02:21:19 EDT" name="testZero" finished-at="2020-10-06T02:21:19 EDT" duration-ms="303" status="PASS">
          <reporter-output>
          </reporter-output>
        </test-method> <!-- testZero -->
        <test-method is-config="true" signature="afterTest()[pri:0, instance:factorialAssignment.testCase1@4fe767f3]" started-at="2020-10-06T02:21:19 EDT" name="afterTest" finished-at="2020-10-06T02:21:20 EDT" duration-ms="713" status="PASS">
          <reporter-output>
          </reporter-output>
        </test-method> <!-- afterTest -->
      </class> <!-- factorialAssignment.testCase1 -->
    </test> <!-- Default test -->
  </suite> <!-- Default suite -->
</testng-results>
